<samlp:Response xmlns:samlp="urn:oasis:names:tc:SAML:2.0:protocol" xmlns:saml="urn:oasis:names:tc:SAML:2.0:assertion" ID="response_k5iadqo3l" Version="2.0" IssueInstant="2025-06-01T08:26:51.353Z" Destination="https://test.liveperson.com/acs" InResponseTo="">
    <saml:Issuer>https://idp.liveperson.com</saml:Issuer>
    <samlp:Status>
        <samlp:StatusCode Value="urn:oasis:names:tc:SAML:2.0:status:Success"/>
    </samlp:Status>
    <saml:Assertion xmlns:xsi="http://www.w3.org/2001/XMLSchema-instance" xmlns:xs="http://www.w3.org/2001/XMLSchema" ID="assertion_z7ecb5j8o" Version="2.0" IssueInstant="2025-06-01T08:26:51.353Z">
        <saml:Issuer>https://idp.liveperson.com</saml:Issuer><ds:Signature xmlns:ds="http://www.w3.org/2000/09/xmldsig#"><ds:SignedInfo><ds:CanonicalizationMethod Algorithm="http://www.w3.org/2001/10/xml-exc-c14n#"/><ds:SignatureMethod Algorithm="http://www.w3.org/2001/04/xmldsig-more#rsa-sha256"/><ds:Reference URI="#assertion_z7ecb5j8o"><ds:Transforms><ds:Transform Algorithm="http://www.w3.org/2000/09/xmldsig#enveloped-signature"/><ds:Transform Algorithm="http://www.w3.org/2001/10/xml-exc-c14n#"/></ds:Transforms><ds:DigestMethod Algorithm="http://www.w3.org/2001/04/xmlenc#sha256"/><ds:DigestValue>zg31p1wjZgGvv3QL0sXkgCK8aB3kyeHKuualm2R9owA=</ds:DigestValue></ds:Reference></ds:SignedInfo><ds:SignatureValue>VsFHhPWy7PJ7nMYEK3K5GnJdzFo0g3NXO13r73p63HNeIvb8l1nKcFS8Eptdn0UxCuQYByfhZIqQ5AhTG/z4fiD52j23+CBWjNip6712/RadbC4ObIOk8OwkNWO9YVj3RtfIKY5fElRBY78OasKlAOZKYNsJbMHy9FeiplUdEg/LIb4wdomItXiUkIL1vpgOvoWAnkYscTqh4zcdHU1+8taTBv9hx4O1eeFOXACcZL6PIb8sRh7lopV7gTp08fGJZU7iCZZPRt2oS60W5IjiX0pof6fxwpJl89odcNXFcPcwHk5a8b4CcMhVnizgVyhDi1kofd4bhc2GNxVUTbaBuQ==</ds:SignatureValue><ds:KeyInfo><ds:X509Data><ds:X509Certificate>MIIHLTCCBZWgAwIBAgIQfGc4pOX9bdYCHtudLAOW5jANBgkqhkiG9w0BAQwFADBgMQswCQYDVQQGEwJHQjEYMBYGA1UEChMPU2VjdGlnbyBMaW1pdGVkMTcwNQYDVQQDEy5TZWN0aWdvIFB1YmxpYyBTZXJ2ZXIgQXV0aGVudGljYXRpb24gQ0EgT1YgUjM2MB4XDTI1MDUxOTAwMDAwMFoXDTI2MDYxODIzNTk1OVowWTELMAkGA1UEBhMCVVMxETAPBgNVBAgTCE5ldyBZb3JrMRgwFgYDVQQKEw9MaXZlUGVyc29uLCBJbmMxHTAbBgNVBAMTFGxwc3NvLmxpdmVwZXJzb24ubmV0MIIBIjANBgkqhkiG9w0BAQEFAAOCAQ8AMIIBCgKCAQEA3PNpotO6jCNk95w74zWE8C02zBe0BpbJkD9SyFqqR+MJ9X44sfBBQSXOlmJE2Zr04FuDndfCdgImZqlE/Kb2RWOqSiqP0RCKACPVz0W4cghDBY17bpJQuoWBev0JZXODUmDyhjGo4OevOIV7jo61579X9WIk1FT4nhR2QPNv3P9hxkO+sQALZVsSN/0TyNLtVcP1hTZRgwZHIfSfa7rzNBzc2tr8kfq3D1JBxcSrsi7cS990X28qcfBTzN7xLjssmrcQQSZWFRzfdt5TJKXi5GcSrwQVZacgYrpXyVjXLm8i35dHblYubS5V8tEC7rUjFChj2R8qzQG4iRHw0ncafQIDAQABo4IDaDCCA2QwHwYDVR0jBBgwFoAU42Z0u3BojSxdTg6mSo+bNyKcgpIwHQYDVR0OBBYEFPwminbdM79DvFWc0TZkdNU2E0rHMA4GA1UdDwEB/wQEAwIFoDAMBgNVHRMBAf8EAjAAMB0GA1UdJQQWMBQGCCsGAQUFBwMBBggrBgEFBQcDAjBKBgNVHSAEQzBBMDUGDCsGAQQBsjEBAgEDBDAlMCMGCCsGAQUFBwIBFhdodHRwczovL3NlY3RpZ28uY29tL0NQUzAIBgZngQwBAgIwVAYDVR0fBE0wSzBJoEegRYZDaHR0cDovL2NybC5zZWN0aWdvLmNvbS9TZWN0aWdvUHVibGljU2VydmVyQXV0aGVudGljYXRpb25DQU9WUjM2LmNybDCBhAYIKwYBBQUHAQEEeDB2ME8GCCsGAQUFBzAChkNodHRwOi8vY3J0LnNlY3RpZ28uY29tL1NlY3RpZ29QdWJsaWNTZXJ2ZXJBdXRoZW50aWNhdGlvbkNBT1ZSMzYuY3J0MCMGCCsGAQUFBzABhhdodHRwOi8vb2NzcC5zZWN0aWdvLmNvbTA5BgNVHREEMjAwghRscHNzby5saXZlcGVyc29uLm5ldIIYd3d3Lmxwc3NvLmxpdmVwZXJzb24ubmV0MIIBfwYKKwYBBAHWeQIEAgSCAW8EggFrAWkAdwCWl2S/VViXrfdDh2g3CEJ36fA61fak8zZuRqQ/D8qpxgAAAZbn3T4JAAAEAwBIMEYCIQC8PSxKkvWoHOzRK02F+lhFjmCk1RC4oTweuJqUWsJhxAIhAJtOyraRwYkjU51+SkR03DxKhbDRLDvAOJZqtbDHAsQFAHYAGYbUxyiqb/66A294Kk0BkarOLXIxD67OXXBBLSVMx9QAAAGW59090AAABAMARzBFAiEAnT6aCnUZ88vQNIlkFLzzhG5WiVH3FdtiOgs4DzztYZQCID6PQ/TkkyufaIO65z38+P8cIV1CMrJpz4VRNNwxY0lgAHYADleUvPOuqT4zGyyZB7P3kN+bwj1xMiXdIaklrGHFTiEAAAGW59095AAABAMARzBFAiEA/LR8EnX41O02F3EzniQLC7IRFDZ00K4i+qzHon3dQTQCIH9/gq5Y9B4eNIbvwfhNiHKu+op/sx2Lh9JnGJlN96ImMA0GCSqGSIb3DQEBDAUAA4IBgQBoqH6OZ+DnDuZkeNmFtVgZnqkQjeTDlBZx+T9BoCPHS1O62yLk87aUROg28wswIbAoeG/cvNok9uv5S6YexqjHhMWYOKif9RZbW31dauHS7F4pbtNXA/ZrtJEhqdUgFewdI8hQSnX9wuQX6sqHBWuh1kB8wFzzqmqr/mZDkD4NlTlvYtjYavv0/1e9J/Vzqiez1uNpwJU7oUOTnUwOH4w6oNPDwjY9o0lfErJYQ+QpIp+sVLJ/gsJiauDY2EgFTkqU7p6aUxWMh8W4JA7Xbxxq1V/nrvmsYao81BMrnPWHh9ITijiDm0PNQQiroGEGFB1fNtAdpkpts0C497ThkmefU3IQl7D+g8dPh27qSK/ZUff+mr4z2sbj3xbmqB2qAyGSNrDPJ0EvZDP8FMfLdnwBozWolxR8NoRJnaB+3b6wkwDTcJXoyadjXgtq06LxYmoGIrEwb4tpbIHpGlMxTLOzs2rxnuf96FK9Zfg0r9i2dGWV1nPgzR1bQHQfwJ5DeE4=</ds:X509Certificate></ds:X509Data></ds:KeyInfo></ds:Signature>
        <saml:Subject>
            <saml:NameID Format="urn:oasis:names:tc:SAML:1.1:nameid-format:unspecified">test.agent@example.com</saml:NameID>
            <saml:SubjectConfirmation Method="urn:oasis:names:tc:SAML:2.0:cm:bearer">
                <saml:SubjectConfirmationData NotOnOrAfter="2025-06-01T08:31:51.353Z" Recipient="https://test.liveperson.com/acs" InResponseTo=""/>
            </saml:SubjectConfirmation>
        </saml:Subject>
        <saml:Conditions NotBefore="2025-06-01T08:26:51.353Z" NotOnOrAfter="2025-06-01T08:31:51.353Z">
            <saml:AudienceRestriction>
                <saml:Audience>LEna2</saml:Audience>
            </saml:AudienceRestriction>
        </saml:Conditions>
        <saml:AuthnStatement AuthnInstant="2025-06-01T08:26:51.353Z" SessionIndex="session_5nk9fciwl">
            <saml:AuthnContext>
                <saml:AuthnContextClassRef>urn:oasis:names:tc:SAML:2.0:ac:classes:Password</saml:AuthnContextClassRef>
            </saml:AuthnContext>
        </saml:AuthnStatement>
        <saml:AttributeStatement>
            <saml:Attribute Name="loginName" NameFormat="urn:oasis:names:tc:SAML:2.0:attrname-format:basic">
                <saml:AttributeValue xsi:type="xs:string">test.agent@example.com</saml:AttributeValue>
            </saml:Attribute>
            <saml:Attribute Name="siteId" NameFormat="urn:oasis:names:tc:SAML:2.0:attrname-format:basic">
                <saml:AttributeValue xsi:type="xs:string">a41244303</saml:AttributeValue>
            </saml:Attribute>
        </saml:AttributeStatement>
    </saml:Assertion>
</samlp:Response>